<?xml version="1.0" encoding="UTF-8"?>
<!-- Generated by org.testng.reporters.JUnitReportReporter -->
<testsuite skipped="0" hostname="DESKTOP-4HBDBJJ" name="com.calculator.Launcher" tests="1" failures="0" timestamp="29 Nov 2017 13:38:10 GMT" time="3.451" errors="0">
  <testcase name="testCal" time="3.451" classname="com.calculator.Launcher"/>
</testsuite> <!-- com.calculator.Launcher -->
